Configuring x509-store-1.6.5...
Preprocessing library for x509-store-1.6.5..
Building library for x509-store-1.6.5..
[1 of 3] Compiling Data.X509.CertificateStore ( Data\X509\CertificateStore.hs, .stack-work\dist\5c8418a7\build\Data\X509\CertificateStore.o )

[;1mData\X509\CertificateStore.hs:13:1: [;1m[35mwarning:[0m[0m[;1m [[;1m[35m-Wunused-imports[0m[0m[;1m][0m[0m[;1m
    The import of `Data.Monoid' is redundant
      except perhaps to import instances from `Data.Monoid'
    To import instances alone, use: import Data.Monoid()[0m[0m
[;1m[34m   |[0m[0m
[;1m[34m13 |[0m[0m [;1m[35mimport Data.Monoid[0m[0m
[;1m[34m   |[0m[0m[;1m[35m ^^^^^^^^^^^^^^^^^^[0m[0m
[0m[0m[0m[2 of 3] Compiling Data.X509.Memory ( Data\X509\Memory.hs, .stack-work\dist\5c8418a7\build\Data\X509\Memory.o )
[3 of 3] Compiling Data.X509.File   ( Data\X509\File.hs, .stack-work\dist\5c8418a7\build\Data\X509\File.o )

[;1mData\X509\File.hs:6:1: [;1m[35mwarning:[0m[0m[;1m [[;1m[35m-Wunused-imports[0m[0m[;1m][0m[0m[;1m
    The import of `Control.Applicative' is redundant
      except perhaps to import instances from `Control.Applicative'
    To import instances alone, use: import Control.Applicative()[0m[0m
[;1m[34m  |[0m[0m
[;1m[34m6 |[0m[0m [;1m[35mimport Control.Applicative[0m[0m
[;1m[34m  |[0m[0m[;1m[35m ^^^^^^^^^^^^^^^^^^^^^^^^^^[0m[0m
[0m[0m[0m
[;1mData\X509\File.hs:8:1: [;1m[35mwarning:[0m[0m[;1m [[;1m[35m-Wunused-imports[0m[0m[;1m][0m[0m[;1m
    The import of `Data.ASN1.BinaryEncoding' is redundant
      except perhaps to import instances from `Data.ASN1.BinaryEncoding'
    To import instances alone, use: import Data.ASN1.BinaryEncoding()[0m[0m
[;1m[34m  |[0m[0m
[;1m[34m8 |[0m[0m [;1m[35mimport Data.ASN1.BinaryEncoding[0m[0m
[;1m[34m  |[0m[0m[;1m[35m ^^^^^^^^^^^^^^^^^^^^^^^^^^^^^^^[0m[0m
[0m[0m[0m
[;1mData\X509\File.hs:9:1: [;1m[35mwarning:[0m[0m[;1m [[;1m[35m-Wunused-imports[0m[0m[;1m][0m[0m[;1m
    The import of `Data.ASN1.Encoding' is redundant
      except perhaps to import instances from `Data.ASN1.Encoding'
    To import instances alone, use: import Data.ASN1.Encoding()[0m[0m
[;1m[34m  |[0m[0m
[;1m[34m9 |[0m[0m [;1m[35mimport Data.ASN1.Encoding[0m[0m
[;1m[34m  |[0m[0m[;1m[35m ^^^^^^^^^^^^^^^^^^^^^^^^^[0m[0m
[0m[0m[0m
[;1mData\X509\File.hs:13:1: [;1m[35mwarning:[0m[0m[;1m [[;1m[35m-Wunused-imports[0m[0m[;1m][0m[0m[;1m
    The import of `PEM(pemName)' from module `Data.PEM' is redundant[0m[0m
[;1m[34m   |[0m[0m
[;1m[34m13 |[0m[0m [;1m[35mimport Data.PEM (pemParseLBS, pemContent, pemName, PEM)[0m[0m
[;1m[34m   |[0m[0m[;1m[35m ^^^^^^^^^^^^^^^^^^^^^^^^^^^^^^^^^^^^^^^^^^^^^^^^^^^^^^^[0m[0m
[0m[0m[0mInstalling library in C:\sr\snapshots\8a26ed14\lib\x86_64-windows-ghc-8.2.2\x509-store-1.6.5-IUGUSNO5hXMGXZMfA5qM4e
Registering library for x509-store-1.6.5..
